0 info it worked if it ends with ok
1 verbose cli [ '/usr/local/bin/node', '/usr/local/bin/npm', 'run', 'build' ]
2 info using npm@2.14.4
3 info using node@v4.1.1
4 verbose run-script [ 'prebuild', 'build', 'postbuild' ]
5 info prebuild three-jsnext@0.2.0
6 info build three-jsnext@0.2.0
7 verbose unsafe-perm in lifecycle true
8 info three-jsnext@0.2.0 Failed to exec build script
9 verbose stack Error: three-jsnext@0.2.0 build: `npm run generate && rollup -i src/index.js -o dist/three.js -f umd -n THREE && uglifyjs -c -m -o dist/three.min.js -- dist/three.js`
9 verbose stack Exit status 1
9 verbose stack     at EventEmitter.<anonymous> (/usr/local/lib/node_modules/npm/lib/utils/lifecycle.js:214:16)
9 verbose stack     at emitTwo (events.js:87:13)
9 verbose stack     at EventEmitter.emit (events.js:172:7)
9 verbose stack     at ChildProcess.<anonymous> (/usr/local/lib/node_modules/npm/lib/utils/spawn.js:24:14)
9 verbose stack     at emitTwo (events.js:87:13)
9 verbose stack     at ChildProcess.emit (events.js:172:7)
9 verbose stack     at maybeClose (internal/child_process.js:817:16)
9 verbose stack     at Process.ChildProcess._handle.onexit (internal/child_process.js:211:5)
10 verbose pkgid three-jsnext@0.2.0
11 verbose cwd /Volumes/Storage/www/ROLLUP/three-jsnext
12 error Darwin 15.2.0
13 error argv "/usr/local/bin/node" "/usr/local/bin/npm" "run" "build"
14 error node v4.1.1
15 error npm  v2.14.4
16 error code ELIFECYCLE
17 error three-jsnext@0.2.0 build: `npm run generate && rollup -i src/index.js -o dist/three.js -f umd -n THREE && uglifyjs -c -m -o dist/three.min.js -- dist/three.js`
17 error Exit status 1
18 error Failed at the three-jsnext@0.2.0 build script 'npm run generate && rollup -i src/index.js -o dist/three.js -f umd -n THREE && uglifyjs -c -m -o dist/three.min.js -- dist/three.js'.
18 error This is most likely a problem with the three-jsnext package,
18 error not with npm itself.
18 error Tell the author that this fails on your system:
18 error     npm run generate && rollup -i src/index.js -o dist/three.js -f umd -n THREE && uglifyjs -c -m -o dist/three.min.js -- dist/three.js
18 error You can get their info via:
18 error     npm owner ls three-jsnext
18 error There is likely additional logging output above.
19 verbose exit [ 1, true ]
